0 info it worked if it ends with ok
1 verbose cli [ 'node',
1 verbose cli   'C:\\Users\\wangpf\\AppData\\Roaming\\npm\\node_modules\\npm\\bin\\npm-cli.js',
1 verbose cli   'start' ]
2 info using npm@3.9.0
3 info using node@v0.10.26
4 verbose run-script [ 'prestart', 'start', 'poststart' ]
5 info lifecycle helloworld@0.0.0~prestart: helloworld@0.0.0
6 silly lifecycle helloworld@0.0.0~prestart: no script for prestart, continuing
7 info lifecycle helloworld@0.0.0~start: helloworld@0.0.0
8 verbose lifecycle helloworld@0.0.0~start: unsafe-perm in lifecycle true
9 verbose lifecycle helloworld@0.0.0~start: PATH: C:\Users\wangpf\AppData\Roaming\npm\node_modules\npm\bin\node-gyp-bin;c:\node\typescripy\nodeCode\helloworld\node_modules\.bin;C:\Program Files\nodejs;%CURL_HOME%;C:\ProgramData\Oracle\Java\javapath;C:\Program Files\Java\jdk1.7.0_40\bin;%JAVA_HOME%\jre\binC:\Python27\;C:\Python27\Scripts;C:\Windows\system32;C:\Windows;C:\Windows\System32\Wbem;C:\Windows\System32\WindowsPowerShell\v1.0\;C:\wamp\apache24\bin;C:\wamp\php56;C:\Program Files\nodejs;C:\Users\wangpf\AppData\Roaming\npm;C:\xampp\mysql\bin;C:\Program Files\TortoiseGit\bin;C:\Python27\Scripts\;C:\Python27\;C:\node\node_modules\npm;C:\Program Files (x86)\Microsoft VS Code\bin
10 verbose lifecycle helloworld@0.0.0~start: CWD: c:\node\typescripy\nodeCode\helloworld
11 silly lifecycle helloworld@0.0.0~start: Args: [ '/d /s /c', 'node ./bin/www' ]
12 silly lifecycle helloworld@0.0.0~start: Returned: code: 1  signal: null
13 info lifecycle helloworld@0.0.0~start: Failed to exec start script
14 verbose stack Error: helloworld@0.0.0 start: `node ./bin/www`
14 verbose stack Exit status 1
14 verbose stack     at EventEmitter.<anonymous> (C:\Users\wangpf\AppData\Roaming\npm\node_modules\npm\lib\utils\lifecycle.js:245:16)
14 verbose stack     at EventEmitter.emit (events.js:98:17)
14 verbose stack     at ChildProcess.<anonymous> (C:\Users\wangpf\AppData\Roaming\npm\node_modules\npm\lib\utils\spawn.js:24:14)
14 verbose stack     at ChildProcess.EventEmitter.emit (events.js:98:17)
14 verbose stack     at maybeClose (child_process.js:743:16)
14 verbose stack     at Process.ChildProcess._handle.onexit (child_process.js:810:5)
15 verbose pkgid helloworld@0.0.0
16 verbose cwd c:\node\typescripy\nodeCode\helloworld
17 error Windows_NT 6.2.9200
18 error argv "node" "C:\\Users\\wangpf\\AppData\\Roaming\\npm\\node_modules\\npm\\bin\\npm-cli.js" "start"
19 error node v0.10.26
20 error npm  v3.9.0
21 error code ELIFECYCLE
22 error helloworld@0.0.0 start: `node ./bin/www`
22 error Exit status 1
23 error Failed at the helloworld@0.0.0 start script 'node ./bin/www'.
23 error Make sure you have the latest version of node.js and npm installed.
23 error If you do, this is most likely a problem with the helloworld package,
23 error not with npm itself.
23 error Tell the author that this fails on your system:
23 error     node ./bin/www
23 error You can get information on how to open an issue for this project with:
23 error     npm bugs helloworld
23 error Or if that isn't available, you can get their info via:
23 error     npm owner ls helloworld
23 error There is likely additional logging output above.
24 verbose exit [ 1, true ]
